<?xml version="1.0" encoding="UTF-8"?>
<testng-results ignored="0" total="1" passed="1" failed="0" skipped="0">
  <reporter-output>
    <line>
      <![CDATA[test....]]>
    </line>
  </reporter-output>
  <suite started-at="2018-09-26T09:49:47Z" name="Default suite" finished-at="2018-09-26T09:49:59Z" duration-ms="12122">
    <groups>
    </groups>
    <test started-at="2018-09-26T09:49:47Z" name="Default test" finished-at="2018-09-26T09:49:59Z" duration-ms="12122">
      <class name="script.TestDemo">
        <test-method is-config="true" signature="OpenApllication()[pri:0, instance:script.TestDemo@c03cf28]" started-at="2018-09-26T09:49:47Z" name="OpenApllication" finished-at="2018-09-26T09:49:57Z" duration-ms="9755" status="PASS">
          <reporter-output>
          </reporter-output>
        </test-method> <!-- OpenApllication -->
        <test-method signature="test()[pri:0, instance:script.TestDemo@c03cf28]" started-at="2018-09-26T09:49:57Z" name="test" finished-at="2018-09-26T09:49:57Z" duration-ms="12" status="PASS">
          <reporter-output>
            <line>
              <![CDATA[test....]]>
            </line>
          </reporter-output>
        </test-method> <!-- test -->
        <test-method is-config="true" signature="CloseApplication()[pri:0, instance:script.TestDemo@c03cf28]" started-at="2018-09-26T09:49:57Z" name="CloseApplication" finished-at="2018-09-26T09:49:59Z" duration-ms="2316" status="PASS">
          <reporter-output>
          </reporter-output>
        </test-method> <!-- CloseApplication -->
      </class> <!-- script.TestDemo -->
    </test> <!-- Default test -->
  </suite> <!-- Default suite -->
</testng-results>
